#! /c/Source/iverilog-install/bin/vvp
:ivl_version "12.0 (devel)" "(s20150603-1539-g2693dd32b)";
:ivl_delay_selection "TYPICAL";
:vpi_time_precision - 12;
:vpi_module "C:\iverilog\lib\ivl\system.vpi";
:vpi_module "C:\iverilog\lib\ivl\vhdl_sys.vpi";
:vpi_module "C:\iverilog\lib\ivl\vhdl_textio.vpi";
:vpi_module "C:\iverilog\lib\ivl\v2005_math.vpi";
:vpi_module "C:\iverilog\lib\ivl\va_math.vpi";
S_0000020a2e8b7820 .scope module, "tb_seq_detect_mealy" "tb_seq_detect_mealy" 2 2;
 .timescale -9 -12;
v0000020a2e8b2900_0 .var "clk", 0 0;
v0000020a2e8b29a0_0 .var "din", 0 0;
v0000020a2e8b2a40_0 .var "rst", 0 0;
v0000020a2e8b2ae0_0 .net "y", 0 0, v0000020a2e86bc90_0;  1 drivers
S_0000020a2e8b79b0 .scope module, "dut" "seq_detect_mealy" 2 7, 3 1 0, S_0000020a2e8b7820;
 .timescale 0 0;
    .port_info 0 /INPUT 1 "clk";
    .port_info 1 /INPUT 1 "reset";
    .port_info 2 /INPUT 1 "din";
    .port_info 3 /OUTPUT 1 "y";
P_0000020a2e8b7b40 .param/l "match_0" 0 3 5, C4<00>;
P_0000020a2e8b7b78 .param/l "match_1" 0 3 6, C4<01>;
P_0000020a2e8b7bb0 .param/l "match_2" 0 3 7, C4<10>;
P_0000020a2e8b7be8 .param/l "match_3" 0 3 8, C4<11>;
v0000020a2e8827f0_0 .net "clk", 0 0, v0000020a2e8b2900_0;  1 drivers
v0000020a2e86ba10_0 .net "din", 0 0, v0000020a2e8b29a0_0;  1 drivers
v0000020a2e86bab0_0 .net "reset", 0 0, v0000020a2e8b2a40_0;  1 drivers
v0000020a2e86bb50_0 .var "state_next", 1 0;
v0000020a2e86bbf0_0 .var "state_present", 1 0;
v0000020a2e86bc90_0 .var "y", 0 0;
E_0000020a2e8a58b0 .event anyedge, v0000020a2e86bbf0_0, v0000020a2e86ba10_0;
E_0000020a2e8a5f30 .event posedge, v0000020a2e8827f0_0;
S_0000020a2e86bd30 .scope task, "send_bit" "send_bit" 2 38, 2 38 0, S_0000020a2e8b7820;
 .timescale -9 -12;
v0000020a2e86bec0_0 .var "b", 0 0;
E_0000020a2e8a65f0 .event negedge, v0000020a2e8827f0_0;
TD_tb_seq_detect_mealy.send_bit ;
    %wait E_0000020a2e8a65f0;
    %load/vec4 v0000020a2e86bec0_0;
    %store/vec4 v0000020a2e8b29a0_0, 0, 1;
    %end;
    .scope S_0000020a2e8b79b0;
T_1 ;
    %wait E_0000020a2e8a5f30;
    %load/vec4 v0000020a2e86bab0_0;
    %flag_set/vec4 8;
    %jmp/0xz  T_1.0, 8;
    %pushi/vec4 0, 0, 2;
    %assign/vec4 v0000020a2e86bbf0_0, 0;
    %jmp T_1.1;
T_1.0 ;
    %load/vec4 v0000020a2e86bb50_0;
    %assign/vec4 v0000020a2e86bbf0_0, 0;
T_1.1 ;
    %jmp T_1;
    .thread T_1;
    .scope S_0000020a2e8b79b0;
T_2 ;
    %wait E_0000020a2e8a58b0;
    %pushi/vec4 0, 0, 1;
    %store/vec4 v0000020a2e86bc90_0, 0, 1;
    %pushi/vec4 0, 0, 2;
    %store/vec4 v0000020a2e86bb50_0, 0, 2;
    %load/vec4 v0000020a2e86bbf0_0;
    %dup/vec4;
    %pushi/vec4 0, 0, 2;
    %cmp/u;
    %jmp/1 T_2.0, 6;
    %dup/vec4;
    %pushi/vec4 1, 0, 2;
    %cmp/u;
    %jmp/1 T_2.1, 6;
    %dup/vec4;
    %pushi/vec4 2, 0, 2;
    %cmp/u;
    %jmp/1 T_2.2, 6;
    %dup/vec4;
    %pushi/vec4 3, 0, 2;
    %cmp/u;
    %jmp/1 T_2.3, 6;
    %pushi/vec4 0, 0, 2;
    %store/vec4 v0000020a2e86bb50_0, 0, 2;
    %jmp T_2.5;
T_2.0 ;
    %load/vec4 v0000020a2e86ba10_0;
    %flag_set/vec4 8;
    %jmp/0xz  T_2.6, 8;
    %pushi/vec4 1, 0, 2;
    %store/vec4 v0000020a2e86bb50_0, 0, 2;
    %jmp T_2.7;
T_2.6 ;
    %pushi/vec4 0, 0, 2;
    %store/vec4 v0000020a2e86bb50_0, 0, 2;
T_2.7 ;
    %jmp T_2.5;
T_2.1 ;
    %load/vec4 v0000020a2e86ba10_0;
    %flag_set/vec4 8;
    %jmp/0xz  T_2.8, 8;
    %pushi/vec4 2, 0, 2;
    %store/vec4 v0000020a2e86bb50_0, 0, 2;
    %jmp T_2.9;
T_2.8 ;
    %pushi/vec4 0, 0, 2;
    %store/vec4 v0000020a2e86bb50_0, 0, 2;
T_2.9 ;
    %jmp T_2.5;
T_2.2 ;
    %load/vec4 v0000020a2e86ba10_0;
    %flag_set/vec4 8;
    %jmp/0xz  T_2.10, 8;
    %pushi/vec4 2, 0, 2;
    %store/vec4 v0000020a2e86bb50_0, 0, 2;
    %jmp T_2.11;
T_2.10 ;
    %pushi/vec4 3, 0, 2;
    %store/vec4 v0000020a2e86bb50_0, 0, 2;
T_2.11 ;
    %jmp T_2.5;
T_2.3 ;
    %load/vec4 v0000020a2e86ba10_0;
    %flag_set/vec4 8;
    %jmp/0xz  T_2.12, 8;
    %pushi/vec4 1, 0, 1;
    %store/vec4 v0000020a2e86bc90_0, 0, 1;
    %pushi/vec4 1, 0, 2;
    %store/vec4 v0000020a2e86bb50_0, 0, 2;
    %jmp T_2.13;
T_2.12 ;
    %pushi/vec4 0, 0, 2;
    %store/vec4 v0000020a2e86bb50_0, 0, 2;
T_2.13 ;
    %jmp T_2.5;
T_2.5 ;
    %pop/vec4 1;
    %jmp T_2;
    .thread T_2, $push;
    .scope S_0000020a2e8b7820;
T_3 ;
    %delay 5000, 0;
    %load/vec4 v0000020a2e8b2900_0;
    %inv;
    %store/vec4 v0000020a2e8b2900_0, 0, 1;
    %jmp T_3;
    .thread T_3;
    .scope S_0000020a2e8b7820;
T_4 ;
    %pushi/vec4 0, 0, 1;
    %store/vec4 v0000020a2e8b2900_0, 0, 1;
    %pushi/vec4 1, 0, 1;
    %store/vec4 v0000020a2e8b2a40_0, 0, 1;
    %pushi/vec4 0, 0, 1;
    %store/vec4 v0000020a2e8b29a0_0, 0, 1;
    %vpi_call 2 19 "$dumpfile", "dump.vcd" {0 0 0};
    %vpi_call 2 20 "$dumpvars", 32'sb00000000000000000000000000000000, S_0000020a2e8b7820 {0 0 0};
    %pushi/vec4 2, 0, 32;
T_4.0 %dup/vec4;
    %pushi/vec4 0, 0, 32;
    %cmp/s;
    %jmp/1xz T_4.1, 5;
    %jmp/1 T_4.1, 4;
    %pushi/vec4 1, 0, 32;
    %sub;
    %wait E_0000020a2e8a65f0;
    %jmp T_4.0;
T_4.1 ;
    %pop/vec4 1;
    %pushi/vec4 0, 0, 1;
    %store/vec4 v0000020a2e8b2a40_0, 0, 1;
    %pushi/vec4 1, 0, 1;
    %store/vec4 v0000020a2e86bec0_0, 0, 1;
    %fork TD_tb_seq_detect_mealy.send_bit, S_0000020a2e86bd30;
    %join;
    %pushi/vec4 1, 0, 1;
    %store/vec4 v0000020a2e86bec0_0, 0, 1;
    %fork TD_tb_seq_detect_mealy.send_bit, S_0000020a2e86bd30;
    %join;
    %pushi/vec4 0, 0, 1;
    %store/vec4 v0000020a2e86bec0_0, 0, 1;
    %fork TD_tb_seq_detect_mealy.send_bit, S_0000020a2e86bd30;
    %join;
    %pushi/vec4 1, 0, 1;
    %store/vec4 v0000020a2e86bec0_0, 0, 1;
    %fork TD_tb_seq_detect_mealy.send_bit, S_0000020a2e86bd30;
    %join;
    %pushi/vec4 1, 0, 1;
    %store/vec4 v0000020a2e86bec0_0, 0, 1;
    %fork TD_tb_seq_detect_mealy.send_bit, S_0000020a2e86bd30;
    %join;
    %pushi/vec4 0, 0, 1;
    %store/vec4 v0000020a2e86bec0_0, 0, 1;
    %fork TD_tb_seq_detect_mealy.send_bit, S_0000020a2e86bd30;
    %join;
    %pushi/vec4 1, 0, 1;
    %store/vec4 v0000020a2e86bec0_0, 0, 1;
    %fork TD_tb_seq_detect_mealy.send_bit, S_0000020a2e86bd30;
    %join;
    %pushi/vec4 1, 0, 1;
    %store/vec4 v0000020a2e86bec0_0, 0, 1;
    %fork TD_tb_seq_detect_mealy.send_bit, S_0000020a2e86bd30;
    %join;
    %pushi/vec4 1, 0, 1;
    %store/vec4 v0000020a2e86bec0_0, 0, 1;
    %fork TD_tb_seq_detect_mealy.send_bit, S_0000020a2e86bd30;
    %join;
    %pushi/vec4 0, 0, 1;
    %store/vec4 v0000020a2e86bec0_0, 0, 1;
    %fork TD_tb_seq_detect_mealy.send_bit, S_0000020a2e86bd30;
    %join;
    %pushi/vec4 1, 0, 1;
    %store/vec4 v0000020a2e86bec0_0, 0, 1;
    %fork TD_tb_seq_detect_mealy.send_bit, S_0000020a2e86bd30;
    %join;
    %pushi/vec4 5, 0, 32;
T_4.2 %dup/vec4;
    %pushi/vec4 0, 0, 32;
    %cmp/s;
    %jmp/1xz T_4.3, 5;
    %jmp/1 T_4.3, 4;
    %pushi/vec4 1, 0, 32;
    %sub;
    %wait E_0000020a2e8a65f0;
    %jmp T_4.2;
T_4.3 ;
    %pop/vec4 1;
    %vpi_call 2 34 "$finish" {0 0 0};
    %end;
    .thread T_4;
# The file index is used to find the file name in the following table.
:file_names 4;
    "N/A";
    "<interactive>";
    "tb_seq_detect_mealy.v";
    "seq_det_mealy.v";
