#! /c/Source/iverilog-install/bin/vvp
:ivl_version "12.0 (devel)" "(s20150603-1539-g2693dd32b)";
:ivl_delay_selection "TYPICAL";
:vpi_time_precision - 12;
:vpi_module "C:\iverilog\lib\ivl\system.vpi";
:vpi_module "C:\iverilog\lib\ivl\vhdl_sys.vpi";
:vpi_module "C:\iverilog\lib\ivl\vhdl_textio.vpi";
:vpi_module "C:\iverilog\lib\ivl\v2005_math.vpi";
:vpi_module "C:\iverilog\lib\ivl\va_math.vpi";
S_00000227d74bab10 .scope module, "tb_vending_mealy" "tb_vending_mealy" 2 2;
 .timescale -9 -12;
v00000227d74b2fd0_0 .net "chg5", 0 0, v00000227d761b0e0_0;  1 drivers
v00000227d74b3070_0 .var "clk", 0 0;
v00000227d74b3110_0 .var "coin", 1 0;
v00000227d74b31b0_0 .var "rst", 0 0;
v00000227d74b3480_0 .net "vend", 0 0, v00000227d74b2d00_0;  1 drivers
S_00000227d74baca0 .scope module, "dut" "vending_mealy" 2 7, 3 1 0, S_00000227d74bab10;
 .timescale 0 0;
    .port_info 0 /INPUT 1 "clk";
    .port_info 1 /INPUT 1 "rst";
    .port_info 2 /INPUT 2 "coin";
    .port_info 3 /OUTPUT 1 "vend";
    .port_info 4 /OUTPUT 1 "chg5";
P_00000227d761be30 .param/l "total_0" 0 3 10, C4<00>;
P_00000227d761be68 .param/l "total_10" 0 3 12, C4<10>;
P_00000227d761bea0 .param/l "total_15" 0 3 13, C4<11>;
P_00000227d761bed8 .param/l "total_5" 0 3 11, C4<01>;
v00000227d761b0e0_0 .var "chg5", 0 0;
v00000227d761ba30_0 .net "clk", 0 0, v00000227d74b3070_0;  1 drivers
v00000227d7482e70_0 .net "coin", 1 0, v00000227d74b3110_0;  1 drivers
v00000227d7483090_0 .var "coin_reg", 1 0;
v00000227d7482bf0_0 .net "rst", 0 0, v00000227d74b31b0_0;  1 drivers
v00000227d74bae30_0 .var "state_next", 1 0;
v00000227d74baed0_0 .var "state_present", 1 0;
v00000227d74b2d00_0 .var "vend", 0 0;
E_00000227d74a7640 .event anyedge, v00000227d74baed0_0, v00000227d7483090_0;
E_00000227d74a71c0 .event posedge, v00000227d761ba30_0;
S_00000227d74b2da0 .scope task, "send_coin" "send_coin" 2 41, 2 41 0, S_00000227d74bab10;
 .timescale -9 -12;
v00000227d74b2f30_0 .var "c", 1 0;
E_00000227d74a6bc0 .event negedge, v00000227d761ba30_0;
TD_tb_vending_mealy.send_coin ;
    %wait E_00000227d74a6bc0;
    %load/vec4 v00000227d74b2f30_0;
    %store/vec4 v00000227d74b3110_0, 0, 2;
    %wait E_00000227d74a71c0;
    %wait E_00000227d74a6bc0;
    %pushi/vec4 0, 0, 2;
    %store/vec4 v00000227d74b3110_0, 0, 2;
    %end;
    .scope S_00000227d74baca0;
T_1 ;
    %wait E_00000227d74a71c0;
    %load/vec4 v00000227d7482bf0_0;
    %flag_set/vec4 8;
    %jmp/0xz  T_1.0, 8;
    %pushi/vec4 0, 0, 2;
    %assign/vec4 v00000227d7483090_0, 0;
    %jmp T_1.1;
T_1.0 ;
    %load/vec4 v00000227d7482e70_0;
    %assign/vec4 v00000227d7483090_0, 0;
T_1.1 ;
    %jmp T_1;
    .thread T_1;
    .scope S_00000227d74baca0;
T_2 ;
    %wait E_00000227d74a71c0;
    %load/vec4 v00000227d7482bf0_0;
    %flag_set/vec4 8;
    %jmp/0xz  T_2.0, 8;
    %pushi/vec4 0, 0, 2;
    %assign/vec4 v00000227d74baed0_0, 0;
    %jmp T_2.1;
T_2.0 ;
    %load/vec4 v00000227d74bae30_0;
    %assign/vec4 v00000227d74baed0_0, 0;
T_2.1 ;
    %jmp T_2;
    .thread T_2;
    .scope S_00000227d74baca0;
T_3 ;
    %wait E_00000227d74a7640;
    %load/vec4 v00000227d74baed0_0;
    %store/vec4 v00000227d74bae30_0, 0, 2;
    %pushi/vec4 0, 0, 1;
    %store/vec4 v00000227d74b2d00_0, 0, 1;
    %pushi/vec4 0, 0, 1;
    %store/vec4 v00000227d761b0e0_0, 0, 1;
    %load/vec4 v00000227d74baed0_0;
    %dup/vec4;
    %pushi/vec4 0, 0, 2;
    %cmp/u;
    %jmp/1 T_3.0, 6;
    %dup/vec4;
    %pushi/vec4 1, 0, 2;
    %cmp/u;
    %jmp/1 T_3.1, 6;
    %dup/vec4;
    %pushi/vec4 2, 0, 2;
    %cmp/u;
    %jmp/1 T_3.2, 6;
    %dup/vec4;
    %pushi/vec4 3, 0, 2;
    %cmp/u;
    %jmp/1 T_3.3, 6;
    %jmp T_3.4;
T_3.0 ;
    %load/vec4 v00000227d7483090_0;
    %dup/vec4;
    %pushi/vec4 1, 0, 2;
    %cmp/u;
    %jmp/1 T_3.5, 6;
    %dup/vec4;
    %pushi/vec4 2, 0, 2;
    %cmp/u;
    %jmp/1 T_3.6, 6;
    %pushi/vec4 0, 0, 2;
    %store/vec4 v00000227d74bae30_0, 0, 2;
    %jmp T_3.8;
T_3.5 ;
    %pushi/vec4 1, 0, 2;
    %store/vec4 v00000227d74bae30_0, 0, 2;
    %jmp T_3.8;
T_3.6 ;
    %pushi/vec4 2, 0, 2;
    %store/vec4 v00000227d74bae30_0, 0, 2;
    %jmp T_3.8;
T_3.8 ;
    %pop/vec4 1;
    %jmp T_3.4;
T_3.1 ;
    %load/vec4 v00000227d7483090_0;
    %dup/vec4;
    %pushi/vec4 1, 0, 2;
    %cmp/u;
    %jmp/1 T_3.9, 6;
    %dup/vec4;
    %pushi/vec4 2, 0, 2;
    %cmp/u;
    %jmp/1 T_3.10, 6;
    %pushi/vec4 1, 0, 2;
    %store/vec4 v00000227d74bae30_0, 0, 2;
    %jmp T_3.12;
T_3.9 ;
    %pushi/vec4 2, 0, 2;
    %store/vec4 v00000227d74bae30_0, 0, 2;
    %jmp T_3.12;
T_3.10 ;
    %pushi/vec4 3, 0, 2;
    %store/vec4 v00000227d74bae30_0, 0, 2;
    %jmp T_3.12;
T_3.12 ;
    %pop/vec4 1;
    %jmp T_3.4;
T_3.2 ;
    %load/vec4 v00000227d7483090_0;
    %dup/vec4;
    %pushi/vec4 1, 0, 2;
    %cmp/u;
    %jmp/1 T_3.13, 6;
    %dup/vec4;
    %pushi/vec4 2, 0, 2;
    %cmp/u;
    %jmp/1 T_3.14, 6;
    %pushi/vec4 2, 0, 2;
    %store/vec4 v00000227d74bae30_0, 0, 2;
    %jmp T_3.16;
T_3.13 ;
    %pushi/vec4 3, 0, 2;
    %store/vec4 v00000227d74bae30_0, 0, 2;
    %jmp T_3.16;
T_3.14 ;
    %pushi/vec4 1, 0, 1;
    %store/vec4 v00000227d74b2d00_0, 0, 1;
    %pushi/vec4 0, 0, 2;
    %store/vec4 v00000227d74bae30_0, 0, 2;
    %jmp T_3.16;
T_3.16 ;
    %pop/vec4 1;
    %jmp T_3.4;
T_3.3 ;
    %load/vec4 v00000227d7483090_0;
    %dup/vec4;
    %pushi/vec4 1, 0, 2;
    %cmp/u;
    %jmp/1 T_3.17, 6;
    %dup/vec4;
    %pushi/vec4 2, 0, 2;
    %cmp/u;
    %jmp/1 T_3.18, 6;
    %pushi/vec4 3, 0, 2;
    %store/vec4 v00000227d74bae30_0, 0, 2;
    %jmp T_3.20;
T_3.17 ;
    %pushi/vec4 1, 0, 1;
    %store/vec4 v00000227d74b2d00_0, 0, 1;
    %pushi/vec4 0, 0, 2;
    %store/vec4 v00000227d74bae30_0, 0, 2;
    %jmp T_3.20;
T_3.18 ;
    %pushi/vec4 1, 0, 1;
    %store/vec4 v00000227d74b2d00_0, 0, 1;
    %pushi/vec4 1, 0, 1;
    %store/vec4 v00000227d761b0e0_0, 0, 1;
    %pushi/vec4 0, 0, 2;
    %store/vec4 v00000227d74bae30_0, 0, 2;
    %jmp T_3.20;
T_3.20 ;
    %pop/vec4 1;
    %jmp T_3.4;
T_3.4 ;
    %pop/vec4 1;
    %jmp T_3;
    .thread T_3, $push;
    .scope S_00000227d74bab10;
T_4 ;
    %delay 5000, 0;
    %load/vec4 v00000227d74b3070_0;
    %inv;
    %store/vec4 v00000227d74b3070_0, 0, 1;
    %jmp T_4;
    .thread T_4;
    .scope S_00000227d74bab10;
T_5 ;
    %pushi/vec4 0, 0, 1;
    %store/vec4 v00000227d74b3070_0, 0, 1;
    %pushi/vec4 1, 0, 1;
    %store/vec4 v00000227d74b31b0_0, 0, 1;
    %pushi/vec4 0, 0, 2;
    %store/vec4 v00000227d74b3110_0, 0, 2;
    %vpi_call 2 14 "$dumpfile", "dump.vcd" {0 0 0};
    %vpi_call 2 15 "$dumpvars", 32'sb00000000000000000000000000000000, S_00000227d74bab10 {0 0 0};
    %pushi/vec4 2, 0, 32;
T_5.0 %dup/vec4;
    %pushi/vec4 0, 0, 32;
    %cmp/s;
    %jmp/1xz T_5.1, 5;
    %jmp/1 T_5.1, 4;
    %pushi/vec4 1, 0, 32;
    %sub;
    %wait E_00000227d74a6bc0;
    %jmp T_5.0;
T_5.1 ;
    %pop/vec4 1;
    %pushi/vec4 0, 0, 1;
    %store/vec4 v00000227d74b31b0_0, 0, 1;
    %pushi/vec4 2, 0, 2;
    %store/vec4 v00000227d74b2f30_0, 0, 2;
    %fork TD_tb_vending_mealy.send_coin, S_00000227d74b2da0;
    %join;
    %pushi/vec4 2, 0, 2;
    %store/vec4 v00000227d74b2f30_0, 0, 2;
    %fork TD_tb_vending_mealy.send_coin, S_00000227d74b2da0;
    %join;
    %pushi/vec4 1, 0, 2;
    %store/vec4 v00000227d74b2f30_0, 0, 2;
    %fork TD_tb_vending_mealy.send_coin, S_00000227d74b2da0;
    %join;
    %pushi/vec4 1, 0, 2;
    %store/vec4 v00000227d74b2f30_0, 0, 2;
    %fork TD_tb_vending_mealy.send_coin, S_00000227d74b2da0;
    %join;
    %pushi/vec4 2, 0, 2;
    %store/vec4 v00000227d74b2f30_0, 0, 2;
    %fork TD_tb_vending_mealy.send_coin, S_00000227d74b2da0;
    %join;
    %pushi/vec4 1, 0, 2;
    %store/vec4 v00000227d74b2f30_0, 0, 2;
    %fork TD_tb_vending_mealy.send_coin, S_00000227d74b2da0;
    %join;
    %pushi/vec4 2, 0, 2;
    %store/vec4 v00000227d74b2f30_0, 0, 2;
    %fork TD_tb_vending_mealy.send_coin, S_00000227d74b2da0;
    %join;
    %pushi/vec4 2, 0, 2;
    %store/vec4 v00000227d74b2f30_0, 0, 2;
    %fork TD_tb_vending_mealy.send_coin, S_00000227d74b2da0;
    %join;
    %pushi/vec4 5, 0, 32;
T_5.2 %dup/vec4;
    %pushi/vec4 0, 0, 32;
    %cmp/s;
    %jmp/1xz T_5.3, 5;
    %jmp/1 T_5.3, 4;
    %pushi/vec4 1, 0, 32;
    %sub;
    %wait E_00000227d74a6bc0;
    %jmp T_5.2;
T_5.3 ;
    %pop/vec4 1;
    %vpi_call 2 38 "$finish" {0 0 0};
    %end;
    .thread T_5;
# The file index is used to find the file name in the following table.
:file_names 4;
    "N/A";
    "<interactive>";
    "tb_vending_mealy.v";
    "vending_mealy.v";
