#! /c/Source/iverilog-install/bin/vvp
:ivl_version "12.0 (devel)" "(s20150603-1539-g2693dd32b)";
:ivl_delay_selection "TYPICAL";
:vpi_time_precision - 12;
:vpi_module "C:\iverilog\lib\ivl\system.vpi";
:vpi_module "C:\iverilog\lib\ivl\vhdl_sys.vpi";
:vpi_module "C:\iverilog\lib\ivl\vhdl_textio.vpi";
:vpi_module "C:\iverilog\lib\ivl\v2005_math.vpi";
:vpi_module "C:\iverilog\lib\ivl\va_math.vpi";
S_00000229d1351470 .scope module, "tb_traffic_light" "tb_traffic_light" 2 2;
 .timescale -9 -12;
v00000229d13433c0_0 .var "clk", 0 0;
v00000229d1342ba0_0 .var/i "cyc", 31 0;
v00000229d1343780_0 .net "ew_g", 0 0, v00000229d145bec0_0;  1 drivers
v00000229d13436e0_0 .net "ew_r", 0 0, v00000229d1312bf0_0;  1 drivers
v00000229d1342c40_0 .net "ew_y", 0 0, v00000229d1338a10_0;  1 drivers
v00000229d1343320_0 .net "ns_g", 0 0, v00000229d1338ab0_0;  1 drivers
v00000229d1342ec0_0 .net "ns_r", 0 0, v00000229d1338b50_0;  1 drivers
v00000229d1342d80_0 .net "ns_y", 0 0, v00000229d1338bf0_0;  1 drivers
v00000229d1342f60_0 .var "rst", 0 0;
v00000229d1342e20_0 .var "tick", 0 0;
E_00000229d145a560 .event negedge, v00000229d1313090_0;
S_00000229d1351600 .scope module, "dut" "traffic_light" 2 7, 3 4 0, S_00000229d1351470;
 .timescale 0 0;
    .port_info 0 /INPUT 1 "clk";
    .port_info 1 /INPUT 1 "rst";
    .port_info 2 /INPUT 1 "tick";
    .port_info 3 /OUTPUT 1 "ns_g";
    .port_info 4 /OUTPUT 1 "ns_y";
    .port_info 5 /OUTPUT 1 "ns_r";
    .port_info 6 /OUTPUT 1 "ew_g";
    .port_info 7 /OUTPUT 1 "ew_y";
    .port_info 8 /OUTPUT 1 "ew_r";
P_00000229d1351790 .param/l "EW_G" 0 3 14, C4<10>;
P_00000229d13517c8 .param/l "EW_Y" 0 3 15, C4<11>;
P_00000229d1351800 .param/l "NS_G" 0 3 12, C4<00>;
P_00000229d1351838 .param/l "NS_Y" 0 3 13, C4<01>;
P_00000229d1351870 .param/l "time_green" 0 3 18, C4<101>;
P_00000229d13518a8 .param/l "time_yellow" 0 3 19, C4<010>;
v00000229d1313090_0 .net "clk", 0 0, v00000229d13433c0_0;  1 drivers
v00000229d145bec0_0 .var "ew_g", 0 0;
v00000229d1312bf0_0 .var "ew_r", 0 0;
v00000229d1338a10_0 .var "ew_y", 0 0;
v00000229d1338ab0_0 .var "ns_g", 0 0;
v00000229d1338b50_0 .var "ns_r", 0 0;
v00000229d1338bf0_0 .var "ns_y", 0 0;
v00000229d1338c90_0 .net "rst", 0 0, v00000229d1342f60_0;  1 drivers
v00000229d1338d30_0 .var "state_next", 1 0;
v00000229d1338dd0_0 .var "state_present", 1 0;
v00000229d1342920_0 .net "tick", 0 0, v00000229d1342e20_0;  1 drivers
v00000229d1342b00_0 .var "tick_count", 2 0;
v00000229d1342ce0_0 .var "tick_count_next", 2 0;
E_00000229d145a5a0 .event anyedge, v00000229d1338dd0_0;
E_00000229d145a5e0 .event anyedge, v00000229d1338dd0_0, v00000229d1342b00_0, v00000229d1342920_0;
E_00000229d1350440 .event posedge, v00000229d1313090_0;
    .scope S_00000229d1351600;
T_0 ;
    %wait E_00000229d1350440;
    %load/vec4 v00000229d1338c90_0;
    %flag_set/vec4 8;
    %jmp/0xz  T_0.0, 8;
    %pushi/vec4 0, 0, 2;
    %assign/vec4 v00000229d1338dd0_0, 0;
    %pushi/vec4 0, 0, 3;
    %assign/vec4 v00000229d1342b00_0, 0;
    %jmp T_0.1;
T_0.0 ;
    %load/vec4 v00000229d1338d30_0;
    %assign/vec4 v00000229d1338dd0_0, 0;
    %load/vec4 v00000229d1342ce0_0;
    %assign/vec4 v00000229d1342b00_0, 0;
T_0.1 ;
    %jmp T_0;
    .thread T_0;
    .scope S_00000229d1351600;
T_1 ;
    %wait E_00000229d145a5e0;
    %load/vec4 v00000229d1338dd0_0;
    %store/vec4 v00000229d1338d30_0, 0, 2;
    %load/vec4 v00000229d1342b00_0;
    %store/vec4 v00000229d1342ce0_0, 0, 3;
    %load/vec4 v00000229d1338dd0_0;
    %dup/vec4;
    %pushi/vec4 0, 0, 2;
    %cmp/u;
    %jmp/1 T_1.0, 6;
    %dup/vec4;
    %pushi/vec4 1, 0, 2;
    %cmp/u;
    %jmp/1 T_1.1, 6;
    %dup/vec4;
    %pushi/vec4 2, 0, 2;
    %cmp/u;
    %jmp/1 T_1.2, 6;
    %dup/vec4;
    %pushi/vec4 3, 0, 2;
    %cmp/u;
    %jmp/1 T_1.3, 6;
    %pushi/vec4 0, 0, 2;
    %store/vec4 v00000229d1338d30_0, 0, 2;
    %pushi/vec4 0, 0, 3;
    %store/vec4 v00000229d1342ce0_0, 0, 3;
    %jmp T_1.5;
T_1.0 ;
    %load/vec4 v00000229d1342920_0;
    %flag_set/vec4 8;
    %jmp/0xz  T_1.6, 8;
    %load/vec4 v00000229d1342b00_0;
    %pad/u 32;
    %cmpi/e 4, 0, 32;
    %jmp/0xz  T_1.8, 4;
    %pushi/vec4 1, 0, 2;
    %store/vec4 v00000229d1338d30_0, 0, 2;
    %pushi/vec4 0, 0, 3;
    %store/vec4 v00000229d1342ce0_0, 0, 3;
    %jmp T_1.9;
T_1.8 ;
    %load/vec4 v00000229d1342b00_0;
    %addi 1, 0, 3;
    %store/vec4 v00000229d1342ce0_0, 0, 3;
T_1.9 ;
T_1.6 ;
    %jmp T_1.5;
T_1.1 ;
    %load/vec4 v00000229d1342920_0;
    %flag_set/vec4 8;
    %jmp/0xz  T_1.10, 8;
    %load/vec4 v00000229d1342b00_0;
    %pad/u 32;
    %cmpi/e 1, 0, 32;
    %jmp/0xz  T_1.12, 4;
    %pushi/vec4 2, 0, 2;
    %store/vec4 v00000229d1338d30_0, 0, 2;
    %pushi/vec4 0, 0, 3;
    %store/vec4 v00000229d1342ce0_0, 0, 3;
    %jmp T_1.13;
T_1.12 ;
    %load/vec4 v00000229d1342b00_0;
    %addi 1, 0, 3;
    %store/vec4 v00000229d1342ce0_0, 0, 3;
T_1.13 ;
T_1.10 ;
    %jmp T_1.5;
T_1.2 ;
    %load/vec4 v00000229d1342920_0;
    %flag_set/vec4 8;
    %jmp/0xz  T_1.14, 8;
    %load/vec4 v00000229d1342b00_0;
    %pad/u 32;
    %cmpi/e 4, 0, 32;
    %jmp/0xz  T_1.16, 4;
    %pushi/vec4 3, 0, 2;
    %store/vec4 v00000229d1338d30_0, 0, 2;
    %pushi/vec4 0, 0, 3;
    %store/vec4 v00000229d1342ce0_0, 0, 3;
    %jmp T_1.17;
T_1.16 ;
    %load/vec4 v00000229d1342b00_0;
    %addi 1, 0, 3;
    %store/vec4 v00000229d1342ce0_0, 0, 3;
T_1.17 ;
T_1.14 ;
    %jmp T_1.5;
T_1.3 ;
    %load/vec4 v00000229d1342920_0;
    %flag_set/vec4 8;
    %jmp/0xz  T_1.18, 8;
    %load/vec4 v00000229d1342b00_0;
    %pad/u 32;
    %cmpi/e 1, 0, 32;
    %jmp/0xz  T_1.20, 4;
    %pushi/vec4 0, 0, 2;
    %store/vec4 v00000229d1338d30_0, 0, 2;
    %pushi/vec4 0, 0, 3;
    %store/vec4 v00000229d1342ce0_0, 0, 3;
    %jmp T_1.21;
T_1.20 ;
    %load/vec4 v00000229d1342b00_0;
    %addi 1, 0, 3;
    %store/vec4 v00000229d1342ce0_0, 0, 3;
T_1.21 ;
T_1.18 ;
    %jmp T_1.5;
T_1.5 ;
    %pop/vec4 1;
    %jmp T_1;
    .thread T_1, $push;
    .scope S_00000229d1351600;
T_2 ;
    %wait E_00000229d145a5a0;
    %pushi/vec4 0, 0, 1;
    %store/vec4 v00000229d1338ab0_0, 0, 1;
    %pushi/vec4 0, 0, 1;
    %store/vec4 v00000229d1338bf0_0, 0, 1;
    %pushi/vec4 0, 0, 1;
    %store/vec4 v00000229d1338b50_0, 0, 1;
    %pushi/vec4 0, 0, 1;
    %store/vec4 v00000229d145bec0_0, 0, 1;
    %pushi/vec4 0, 0, 1;
    %store/vec4 v00000229d1338a10_0, 0, 1;
    %pushi/vec4 0, 0, 1;
    %store/vec4 v00000229d1312bf0_0, 0, 1;
    %load/vec4 v00000229d1338dd0_0;
    %dup/vec4;
    %pushi/vec4 0, 0, 2;
    %cmp/u;
    %jmp/1 T_2.0, 6;
    %dup/vec4;
    %pushi/vec4 1, 0, 2;
    %cmp/u;
    %jmp/1 T_2.1, 6;
    %dup/vec4;
    %pushi/vec4 2, 0, 2;
    %cmp/u;
    %jmp/1 T_2.2, 6;
    %dup/vec4;
    %pushi/vec4 3, 0, 2;
    %cmp/u;
    %jmp/1 T_2.3, 6;
    %jmp T_2.4;
T_2.0 ;
    %pushi/vec4 1, 0, 1;
    %store/vec4 v00000229d1338ab0_0, 0, 1;
    %pushi/vec4 1, 0, 1;
    %store/vec4 v00000229d1312bf0_0, 0, 1;
    %jmp T_2.4;
T_2.1 ;
    %pushi/vec4 1, 0, 1;
    %store/vec4 v00000229d1338bf0_0, 0, 1;
    %pushi/vec4 1, 0, 1;
    %store/vec4 v00000229d1312bf0_0, 0, 1;
    %jmp T_2.4;
T_2.2 ;
    %pushi/vec4 1, 0, 1;
    %store/vec4 v00000229d145bec0_0, 0, 1;
    %pushi/vec4 1, 0, 1;
    %store/vec4 v00000229d1338b50_0, 0, 1;
    %jmp T_2.4;
T_2.3 ;
    %pushi/vec4 1, 0, 1;
    %store/vec4 v00000229d1338a10_0, 0, 1;
    %pushi/vec4 1, 0, 1;
    %store/vec4 v00000229d1338b50_0, 0, 1;
    %jmp T_2.4;
T_2.4 ;
    %pop/vec4 1;
    %jmp T_2;
    .thread T_2, $push;
    .scope S_00000229d1351470;
T_3 ;
    %delay 5000, 0;
    %load/vec4 v00000229d13433c0_0;
    %inv;
    %store/vec4 v00000229d13433c0_0, 0, 1;
    %jmp T_3;
    .thread T_3;
    .scope S_00000229d1351470;
T_4 ;
    %wait E_00000229d1350440;
    %load/vec4 v00000229d1342f60_0;
    %flag_set/vec4 8;
    %jmp/0xz  T_4.0, 8;
    %pushi/vec4 0, 0, 32;
    %assign/vec4 v00000229d1342ba0_0, 0;
    %pushi/vec4 0, 0, 1;
    %assign/vec4 v00000229d1342e20_0, 0;
    %jmp T_4.1;
T_4.0 ;
    %load/vec4 v00000229d1342ba0_0;
    %addi 1, 0, 32;
    %assign/vec4 v00000229d1342ba0_0, 0;
    %load/vec4 v00000229d1342ba0_0;
    %pushi/vec4 20, 0, 32;
    %mod/s;
    %pushi/vec4 0, 0, 32;
    %cmp/e;
    %flag_get/vec4 4;
    %assign/vec4 v00000229d1342e20_0, 0;
T_4.1 ;
    %jmp T_4;
    .thread T_4;
    .scope S_00000229d1351470;
T_5 ;
    %pushi/vec4 0, 0, 1;
    %store/vec4 v00000229d13433c0_0, 0, 1;
    %pushi/vec4 1, 0, 1;
    %store/vec4 v00000229d1342f60_0, 0, 1;
    %pushi/vec4 0, 0, 1;
    %store/vec4 v00000229d1342e20_0, 0, 1;
    %vpi_call 2 32 "$dumpfile", "dump.vcd" {0 0 0};
    %vpi_call 2 33 "$dumpvars", 32'sb00000000000000000000000000000000, S_00000229d1351470 {0 0 0};
    %pushi/vec4 5, 0, 32;
T_5.0 %dup/vec4;
    %pushi/vec4 0, 0, 32;
    %cmp/s;
    %jmp/1xz T_5.1, 5;
    %jmp/1 T_5.1, 4;
    %pushi/vec4 1, 0, 32;
    %sub;
    %wait E_00000229d145a560;
    %jmp T_5.0;
T_5.1 ;
    %pop/vec4 1;
    %pushi/vec4 0, 0, 1;
    %store/vec4 v00000229d1342f60_0, 0, 1;
    %pushi/vec4 1500, 0, 32;
T_5.2 %dup/vec4;
    %pushi/vec4 0, 0, 32;
    %cmp/s;
    %jmp/1xz T_5.3, 5;
    %jmp/1 T_5.3, 4;
    %pushi/vec4 1, 0, 32;
    %sub;
    %wait E_00000229d145a560;
    %jmp T_5.2;
T_5.3 ;
    %pop/vec4 1;
    %vpi_call 2 44 "$finish" {0 0 0};
    %end;
    .thread T_5;
    .scope S_00000229d1351470;
T_6 ;
    %wait E_00000229d1350440;
    %load/vec4 v00000229d1342e20_0;
    %flag_set/vec4 9;
    %flag_get/vec4 9;
    %jmp/0 T_6.2, 9;
    %load/vec4 v00000229d1342f60_0;
    %nor/r;
    %and;
T_6.2;
    %flag_set/vec4 8;
    %jmp/0xz  T_6.0, 8;
    %vpi_call 2 49 "$display", "t=%0t ns  tick  NS[g,y,r]=%0d%0d%0d  EW[g,y,r]=%0d%0d%0d", $time, v00000229d1343320_0, v00000229d1342d80_0, v00000229d1342ec0_0, v00000229d1343780_0, v00000229d1342c40_0, v00000229d13436e0_0 {0 0 0};
T_6.0 ;
    %jmp T_6;
    .thread T_6;
# The file index is used to find the file name in the following table.
:file_names 4;
    "N/A";
    "<interactive>";
    "tb_traffic_light.v";
    "traffic_light.v";
